<?xml version="1.0" encoding="UTF-8"?>
<Site BuildName="(empty)"
	BuildStamp="20231124-0930-Experimental"
	Name="kundan-pc"
	Generator="ctest-3.22.1"
	CompilerName="/usr/bin/g++"
	CompilerVersion="11.4.0"
	OSName="Linux"
	Hostname="kundan-pc"
	OSRelease="6.2.0-37-generic"
	OSVersion="#38~22.04.1-Ubuntu SMP PREEMPT_DYNAMIC Thu Nov  2 18:01:13 UTC 2"
	OSPlatform="x86_64"
	Is64Bits="1"
	VendorString="AuthenticAMD"
	VendorID="Advanced Micro Devices"
	FamilyID="21"
	ModelID="19"
	ProcessorCacheSize="2048"
	NumberOfLogicalCPU="4"
	NumberOfPhysicalCPU="2"
	TotalVirtualMemory="2047"
	TotalPhysicalMemory="7127"
	LogicalProcessorsPerPhysical="2"
	ProcessorClockFrequency="2096.09"
	>
	<Testing>
		<StartDateTime>Nov 24 16:06 +0545</StartDateTime>
		<StartTestTime>1700821281</StartTestTime>
		<TestList/>
		<EndDateTime>Nov 24 16:06 +0545</EndDateTime>
		<EndTestTime>1700821281</EndTestTime>
		<ElapsedMinutes>0</ElapsedMinutes>
	</Testing>
</Site>
