<?xml version="1.0" encoding="UTF-8"?>
<Site BuildName="(empty)"
	BuildStamp="20231029-1507-Experimental"
	Name="kundan-pc"
	Generator="ctest-3.22.1"
	CompilerName="/usr/bin/g++"
	CompilerVersion="11.4.0"
	OSName="Linux"
	Hostname="kundan-pc"
	OSRelease="6.2.0-34-generic"
	OSVersion="#34~22.04.1-Ubuntu SMP PREEMPT_DYNAMIC Thu Sep  7 13:12:03 UTC 2"
	OSPlatform="x86_64"
	Is64Bits="1"
	VendorString="AuthenticAMD"
	VendorID="Advanced Micro Devices"
	FamilyID="21"
	ModelID="19"
	ProcessorCacheSize="2048"
	NumberOfLogicalCPU="4"
	NumberOfPhysicalCPU="2"
	TotalVirtualMemory="2047"
	TotalPhysicalMemory="7127"
	LogicalProcessorsPerPhysical="2"
	ProcessorClockFrequency="2095.86"
	>
	<Testing>
		<StartDateTime>Oct 29 20:52 +0545</StartDateTime>
		<StartTestTime>1698592035</StartTestTime>
		<TestList/>
		<EndDateTime>Oct 29 20:52 +0545</EndDateTime>
		<EndTestTime>1698592035</EndTestTime>
		<ElapsedMinutes>0</ElapsedMinutes>
	</Testing>
</Site>
